[ 2018-10-14T14:35:40+08:00 ] ::1 /home/attachment/createAttachfile/transactionid/SbPC7ty41IFj7JqZB50H-201810141407
INFO: [ app_init ] --START--
INFO: Run Behavior\BuildLiteBehavior [ RunTime:0.000021s ]
INFO: [ app_init ] --END-- [ RunTime:0.002982s ]
INFO: [ app_begin ] --START--
INFO: Run Behavior\ReadHtmlCacheBehavior [ RunTime:0.002689s ]
INFO: [ app_begin ] --END-- [ RunTime:0.002828s ]
SQL: SHOW COLUMNS FROM `transaction` [ RunTime:0.0072s ]
SQL: SELECT * FROM `transaction` WHERE `id` = 'SbPC7ty41IFj7JqZB50H-201810141407' LIMIT 1   [ RunTime:0.0005s ]
INFO: [ view_parse ] --START--
INFO: [ template_filter ] --START--
INFO: Run Behavior\ContentReplaceBehavior [ RunTime:0.000043s ]
INFO: [ template_filter ] --END-- [ RunTime:0.000098s ]
INFO: Run Behavior\ParseTemplateBehavior [ RunTime:0.021148s ]
INFO: [ view_parse ] --END-- [ RunTime:0.021229s ]
INFO: [ view_filter ] --START--
INFO: Run Behavior\WriteHtmlCacheBehavior [ RunTime:0.008918s ]
INFO: [ view_filter ] --END-- [ RunTime:0.008977s ]

[ 2018-10-14T14:35:57+08:00 ] ::1 /home/attachment/createAttachfile/transactionid/SbPC7ty41IFj7JqZB50H-201810141407
INFO: [ app_init ] --START--
INFO: Run Behavior\BuildLiteBehavior [ RunTime:0.000015s ]
INFO: [ app_init ] --END-- [ RunTime:0.000318s ]
INFO: [ app_begin ] --START--
INFO: Run Behavior\ReadHtmlCacheBehavior [ RunTime:0.000327s ]
INFO: [ app_begin ] --END-- [ RunTime:0.000375s ]
SQL: SHOW COLUMNS FROM `transaction` [ RunTime:0.0047s ]
SQL: SELECT * FROM `transaction` WHERE `id` = 'SbPC7ty41IFj7JqZB50H-201810141407' LIMIT 1   [ RunTime:0.0003s ]
INFO: [ view_parse ] --START--
INFO: [ template_filter ] --START--
INFO: Run Behavior\ContentReplaceBehavior [ RunTime:0.000032s ]
INFO: [ template_filter ] --END-- [ RunTime:0.000066s ]
INFO: Run Behavior\ParseTemplateBehavior [ RunTime:0.009762s ]
INFO: [ view_parse ] --END-- [ RunTime:0.009822s ]
INFO: [ view_filter ] --START--
INFO: Run Behavior\WriteHtmlCacheBehavior [ RunTime:0.000164s ]
INFO: [ view_filter ] --END-- [ RunTime:0.000189s ]

[ 2018-10-14T14:36:32+08:00 ] ::1 /home/attachment/createAttachfile/transactionid/SbPC7ty41IFj7JqZB50H-201810141407
INFO: [ app_init ] --START--
INFO: Run Behavior\BuildLiteBehavior [ RunTime:0.000015s ]
INFO: [ app_init ] --END-- [ RunTime:0.001501s ]
INFO: [ app_begin ] --START--
INFO: Run Behavior\ReadHtmlCacheBehavior [ RunTime:0.001676s ]
INFO: [ app_begin ] --END-- [ RunTime:0.002395s ]
SQL: SHOW COLUMNS FROM `transaction` [ RunTime:0.0198s ]
SQL: SELECT * FROM `transaction` WHERE `id` = 'SbPC7ty41IFj7JqZB50H-201810141407' LIMIT 1   [ RunTime:0.0005s ]

[ 2018-10-14T14:37:13+08:00 ] ::1 /home/attachment/createAttachfile/transactionid/SbPC7ty41IFj7JqZB50H-201810141407
INFO: [ app_init ] --START--
INFO: Run Behavior\BuildLiteBehavior [ RunTime:0.000016s ]
INFO: [ app_init ] --END-- [ RunTime:0.002372s ]
INFO: [ app_begin ] --START--
INFO: Run Behavior\ReadHtmlCacheBehavior [ RunTime:0.001275s ]
INFO: [ app_begin ] --END-- [ RunTime:0.002005s ]
SQL: SHOW COLUMNS FROM `transaction` [ RunTime:0.0357s ]
SQL: SELECT * FROM `transaction` WHERE `id` = 'SbPC7ty41IFj7JqZB50H-201810141407' LIMIT 1   [ RunTime:0.0004s ]

[ 2018-10-14T14:38:31+08:00 ] ::1 /home/attachment/createAttachfile/transactionid/SbPC7ty41IFj7JqZB50H-201810141407
INFO: [ app_init ] --START--
INFO: Run Behavior\BuildLiteBehavior [ RunTime:0.000017s ]
INFO: [ app_init ] --END-- [ RunTime:0.003112s ]
INFO: [ app_begin ] --START--
INFO: Run Behavior\ReadHtmlCacheBehavior [ RunTime:0.004166s ]
INFO: [ app_begin ] --END-- [ RunTime:0.004888s ]
SQL: SHOW COLUMNS FROM `transaction` [ RunTime:0.0104s ]
SQL: SELECT * FROM `transaction` WHERE `id` = 'SbPC7ty41IFj7JqZB50H-201810141407' LIMIT 1   [ RunTime:0.0004s ]

[ 2018-10-14T14:41:22+08:00 ] ::1 /home/attachment/createAttachfile/transactionid/SbPC7ty41IFj7JqZB50H-201810141407
INFO: [ app_init ] --START--
INFO: Run Behavior\BuildLiteBehavior [ RunTime:0.000015s ]
INFO: [ app_init ] --END-- [ RunTime:0.001324s ]
INFO: [ app_begin ] --START--
INFO: Run Behavior\ReadHtmlCacheBehavior [ RunTime:0.002204s ]
INFO: [ app_begin ] --END-- [ RunTime:0.002278s ]
SQL: SHOW COLUMNS FROM `transaction` [ RunTime:0.0096s ]
SQL: SELECT * FROM `transaction` WHERE `id` = 'SbPC7ty41IFj7JqZB50H-201810141407' LIMIT 1   [ RunTime:0.0003s ]
INFO: [ view_parse ] --START--
INFO: [ template_filter ] --START--
INFO: Run Behavior\ContentReplaceBehavior [ RunTime:0.000051s ]
INFO: [ template_filter ] --END-- [ RunTime:0.000105s ]
INFO: Run Behavior\ParseTemplateBehavior [ RunTime:0.014557s ]
INFO: [ view_parse ] --END-- [ RunTime:0.017517s ]
INFO: [ view_filter ] --START--
INFO: Run Behavior\WriteHtmlCacheBehavior [ RunTime:0.017641s ]
INFO: [ view_filter ] --END-- [ RunTime:0.017739s ]

[ 2018-10-14T14:41:53+08:00 ] ::1 /home/attachment/createAttachfile/transactionid/SbPC7ty41IFj7JqZB50H-201810141407
INFO: [ app_init ] --START--
INFO: Run Behavior\BuildLiteBehavior [ RunTime:0.000019s ]
INFO: [ app_init ] --END-- [ RunTime:0.000437s ]
INFO: [ app_begin ] --START--
INFO: Run Behavior\ReadHtmlCacheBehavior [ RunTime:0.000403s ]
INFO: [ app_begin ] --END-- [ RunTime:0.000460s ]

[ 2018-10-14T14:41:58+08:00 ] ::1 /home/attachment/createAttachfile/transactionid/SbPC7ty41IFj7JqZB50H-201810141407
INFO: [ app_init ] --START--
INFO: Run Behavior\BuildLiteBehavior [ RunTime:0.000013s ]
INFO: [ app_init ] --END-- [ RunTime:0.000271s ]
INFO: [ app_begin ] --START--
INFO: Run Behavior\ReadHtmlCacheBehavior [ RunTime:0.000299s ]
INFO: [ app_begin ] --END-- [ RunTime:0.000336s ]
SQL: SHOW COLUMNS FROM `transaction` [ RunTime:0.0443s ]
SQL: SELECT * FROM `transaction` WHERE `id` = 'SbPC7ty41IFj7JqZB50H-201810141407' LIMIT 1   [ RunTime:0.0002s ]
INFO: [ view_parse ] --START--
INFO: [ template_filter ] --START--
INFO: Run Behavior\ContentReplaceBehavior [ RunTime:0.000034s ]
INFO: [ template_filter ] --END-- [ RunTime:0.000071s ]
INFO: Run Behavior\ParseTemplateBehavior [ RunTime:0.010110s ]
INFO: [ view_parse ] --END-- [ RunTime:0.010176s ]
INFO: [ view_filter ] --START--
INFO: Run Behavior\WriteHtmlCacheBehavior [ RunTime:0.000157s ]
INFO: [ view_filter ] --END-- [ RunTime:0.000181s ]

[ 2018-10-14T14:46:25+08:00 ] ::1 /home/attachment/createAttachfile/transactionid/SbPC7ty41IFj7JqZB50H-201810141407
INFO: [ app_init ] --START--
INFO: Run Behavior\BuildLiteBehavior [ RunTime:0.000019s ]
INFO: [ app_init ] --END-- [ RunTime:0.002456s ]
INFO: [ app_begin ] --START--
INFO: Run Behavior\ReadHtmlCacheBehavior [ RunTime:0.005906s ]
INFO: [ app_begin ] --END-- [ RunTime:0.006607s ]
SQL: SHOW COLUMNS FROM `transaction` [ RunTime:0.0124s ]
SQL: SELECT * FROM `transaction` WHERE `id` = 'SbPC7ty41IFj7JqZB50H-201810141407' LIMIT 1   [ RunTime:0.0004s ]
INFO: [ view_parse ] --START--
INFO: [ template_filter ] --START--
INFO: Run Behavior\ContentReplaceBehavior [ RunTime:0.000056s ]
INFO: [ template_filter ] --END-- [ RunTime:0.000126s ]
INFO: Run Behavior\ParseTemplateBehavior [ RunTime:0.028269s ]
INFO: [ view_parse ] --END-- [ RunTime:0.028902s ]
INFO: [ view_filter ] --START--
INFO: Run Behavior\WriteHtmlCacheBehavior [ RunTime:0.000868s ]
INFO: [ view_filter ] --END-- [ RunTime:0.000913s ]

[ 2018-10-14T14:48:41+08:00 ] ::1 /home/attachment/createAttachfile/transactionid/SbPC7ty41IFj7JqZB50H-201810141407
INFO: [ app_init ] --START--
INFO: Run Behavior\BuildLiteBehavior [ RunTime:0.000019s ]
INFO: [ app_init ] --END-- [ RunTime:0.002557s ]
INFO: [ app_begin ] --START--
INFO: Run Behavior\ReadHtmlCacheBehavior [ RunTime:0.004902s ]
INFO: [ app_begin ] --END-- [ RunTime:0.005432s ]
SQL: SHOW COLUMNS FROM `transaction` [ RunTime:0.0049s ]
SQL: SELECT * FROM `transaction` WHERE `id` = 'SbPC7ty41IFj7JqZB50H-201810141407' LIMIT 1   [ RunTime:0.0004s ]
INFO: [ view_parse ] --START--
INFO: [ template_filter ] --START--
INFO: Run Behavior\ContentReplaceBehavior [ RunTime:0.000050s ]
INFO: [ template_filter ] --END-- [ RunTime:0.000698s ]
INFO: Run Behavior\ParseTemplateBehavior [ RunTime:0.026238s ]
INFO: [ view_parse ] --END-- [ RunTime:0.027029s ]
INFO: [ view_filter ] --START--
INFO: Run Behavior\WriteHtmlCacheBehavior [ RunTime:0.000760s ]
INFO: [ view_filter ] --END-- [ RunTime:0.000804s ]

[ 2018-10-14T14:49:05+08:00 ] ::1 /home/attachment/createAttachfile/transactionid/SbPC7ty41IFj7JqZB50H-201810141407
INFO: [ app_init ] --START--
INFO: Run Behavior\BuildLiteBehavior [ RunTime:0.000013s ]
INFO: [ app_init ] --END-- [ RunTime:0.000386s ]
INFO: [ app_begin ] --START--
INFO: Run Behavior\ReadHtmlCacheBehavior [ RunTime:0.000306s ]
INFO: [ app_begin ] --END-- [ RunTime:0.000354s ]
SQL: SHOW COLUMNS FROM `transaction` [ RunTime:0.0009s ]
SQL: SELECT * FROM `transaction` WHERE `id` = 'SbPC7ty41IFj7JqZB50H-201810141407' LIMIT 1   [ RunTime:0.0004s ]
NOTIC: [2] call_user_func() expects parameter 1 to be a valid callback, no array or string given /opt/lampp/htdocs/csye6225-fall2018/webapp/ThinkPHP/Library/Think/Upload.class.php 第 170 行.
SQL: SHOW COLUMNS FROM `receipt` [ RunTime:0.0007s ]
ERR: 1048:Column 's3url' cannot be null
 [ SQL语句 ] : INSERT INTO `receipt` (`s3url`,`transactionid`,`localurl`) VALUES (NULL,'SbPC7ty41IFj7JqZB50H-201810141407','Uploads/receipts/5bc2e6e0d53b8.png')
ERR: 1048:Column 's3url' cannot be null
 [ SQL语句 ] : INSERT INTO `receipt` (`s3url`,`transactionid`,`localurl`) VALUES (NULL,'SbPC7ty41IFj7JqZB50H-201810141407','Uploads/receipts/5bc2e6e0d53b8.png')

[ 2018-10-14T15:07:29+08:00 ] ::1 /home/attachment/createAttachfile/transactionid/SbPC7ty41IFj7JqZB50H-201810141407
INFO: [ app_init ] --START--
INFO: Run Behavior\BuildLiteBehavior [ RunTime:0.000029s ]
INFO: [ app_init ] --END-- [ RunTime:0.001028s ]
INFO: [ app_begin ] --START--
INFO: Run Behavior\ReadHtmlCacheBehavior [ RunTime:0.000920s ]
INFO: [ app_begin ] --END-- [ RunTime:0.000991s ]
SQL: SHOW COLUMNS FROM `transaction` [ RunTime:0.0014s ]
SQL: SELECT * FROM `transaction` WHERE `id` = 'SbPC7ty41IFj7JqZB50H-201810141407' LIMIT 1   [ RunTime:0.0148s ]
NOTIC: [2] call_user_func() expects parameter 1 to be a valid callback, no array or string given /opt/lampp/htdocs/csye6225-fall2018/webapp/ThinkPHP/Library/Think/Upload.class.php 第 170 行.
SQL: SHOW COLUMNS FROM `receipt` [ RunTime:0.0008s ]
SQL: INSERT INTO `receipt` (`s3url`,`transactionid`,`localurl`) VALUES ('https://csye6225web-dump.s3.amazonaws.com/5bc2eb311db35.png','SbPC7ty41IFj7JqZB50H-201810141407','Uploads/receipts/5bc2eb311db35.png') [ RunTime:0.0071s ]
SQL: SELECT * FROM `receipt` WHERE `attachmentid` = 1 LIMIT 1   [ RunTime:0.0003s ]

[ 2018-10-14T15:10:47+08:00 ] ::1 /home/attachment/createAttachfile/transactionid/SbPC7ty41IFj7JqZB50H-201810141407
INFO: [ app_init ] --START--
INFO: Run Behavior\BuildLiteBehavior [ RunTime:0.000031s ]
INFO: [ app_init ] --END-- [ RunTime:0.000446s ]
INFO: [ app_begin ] --START--
INFO: Run Behavior\ReadHtmlCacheBehavior [ RunTime:0.000323s ]
INFO: [ app_begin ] --END-- [ RunTime:0.000370s ]
SQL: SHOW COLUMNS FROM `transaction` [ RunTime:0.0040s ]
SQL: SELECT * FROM `transaction` WHERE `id` = 'SbPC7ty41IFj7JqZB50H-201810141407' LIMIT 1   [ RunTime:0.0005s ]
NOTIC: [2] call_user_func() expects parameter 1 to be a valid callback, no array or string given /opt/lampp/htdocs/csye6225-fall2018/webapp/ThinkPHP/Library/Think/Upload.class.php 第 170 行.
SQL: SHOW COLUMNS FROM `receipt` [ RunTime:0.0008s ]
SQL: INSERT INTO `receipt` (`s3url`,`transactionid`,`localurl`) VALUES ('https://csye6225web-dump.s3.amazonaws.com/5bc2ebf71ade8.png','SbPC7ty41IFj7JqZB50H-201810141407','Uploads/receipts/5bc2ebf71ade8.png') [ RunTime:0.0192s ]
SQL: SELECT * FROM `receipt` WHERE `attachmentid` = 2 LIMIT 1   [ RunTime:0.0012s ]

[ 2018-10-14T15:11:37+08:00 ] ::1 /home/attachment/listAttachement/transactionid/SbPC7ty41IFj7JqZB50H-201810141407
INFO: [ app_init ] --START--
INFO: Run Behavior\BuildLiteBehavior [ RunTime:0.000021s ]
INFO: [ app_init ] --END-- [ RunTime:0.000294s ]
INFO: [ app_begin ] --START--
INFO: Run Behavior\ReadHtmlCacheBehavior [ RunTime:0.000349s ]
INFO: [ app_begin ] --END-- [ RunTime:0.000408s ]

[ 2018-10-14T15:11:41+08:00 ] ::1 /home/attachment/listAttachement/transactionid/SbPC7ty41IFj7JqZB50H-201810141407
INFO: [ app_init ] --START--
INFO: Run Behavior\BuildLiteBehavior [ RunTime:0.000013s ]
INFO: [ app_init ] --END-- [ RunTime:0.000252s ]
INFO: [ app_begin ] --START--
INFO: Run Behavior\ReadHtmlCacheBehavior [ RunTime:0.000287s ]
INFO: [ app_begin ] --END-- [ RunTime:0.000320s ]
SQL: SHOW COLUMNS FROM `transaction` [ RunTime:0.0007s ]
SQL: SELECT * FROM `transaction` WHERE `id` = 'SbPC7ty41IFj7JqZB50H-201810141407' LIMIT 1   [ RunTime:0.0002s ]
SQL: SHOW COLUMNS FROM `receipt` [ RunTime:0.0004s ]
SQL: SELECT * FROM `receipt` WHERE `transactionid` = 'SbPC7ty41IFj7JqZB50H-201810141407'  [ RunTime:0.0001s ]

[ 2018-10-14T15:15:31+08:00 ] ::1 /home/attachment/updateAttachment/transactionid/SbPC7ty41IFj7JqZB50H-201810141407
INFO: [ app_init ] --START--
INFO: Run Behavior\BuildLiteBehavior [ RunTime:0.000019s ]
INFO: [ app_init ] --END-- [ RunTime:0.000245s ]
INFO: [ app_begin ] --START--
INFO: Run Behavior\ReadHtmlCacheBehavior [ RunTime:0.002335s ]
INFO: [ app_begin ] --END-- [ RunTime:0.002421s ]
SQL: SHOW COLUMNS FROM `transaction` [ RunTime:0.0006s ]
SQL: SELECT * FROM `transaction` WHERE `id` = 'SbPC7ty41IFj7JqZB50H-201810141407' LIMIT 1   [ RunTime:0.0002s ]
SQL: SHOW COLUMNS FROM `receipt` [ RunTime:0.0003s ]
SQL: SELECT * FROM `receipt` WHERE `attachmentid` = 1 LIMIT 1   [ RunTime:0.0003s ]
NOTIC: [2] call_user_func() expects parameter 1 to be a valid callback, no array or string given /opt/lampp/htdocs/csye6225-fall2018/webapp/ThinkPHP/Library/Think/Upload.class.php 第 170 行.
SQL: UPDATE `receipt` SET `s3url`='https://csye6225web-dump.s3.amazonaws.com/5bc2ed0feedcc.png',`localurl`='Uploads/receipts/5bc2ed0feedcc.png' WHERE `attachmentid` = 1 [ RunTime:0.0290s ]
SQL: SELECT * FROM `receipt` WHERE `attachmentid` = 1 LIMIT 1   [ RunTime:0.0004s ]

[ 2018-10-14T15:19:41+08:00 ] ::1 /home/attachment/deleteAttachment/transactionid/SbPC7ty41IFj7JqZB50H-201810141408
INFO: [ app_init ] --START--
INFO: Run Behavior\BuildLiteBehavior [ RunTime:0.000024s ]
INFO: [ app_init ] --END-- [ RunTime:0.001549s ]
INFO: [ app_begin ] --START--
INFO: Run Behavior\ReadHtmlCacheBehavior [ RunTime:0.001648s ]
INFO: [ app_begin ] --END-- [ RunTime:0.001725s ]
SQL: SHOW COLUMNS FROM `transaction` [ RunTime:0.0013s ]
SQL: SELECT * FROM `transaction` WHERE `id` = 'SbPC7ty41IFj7JqZB50H-201810141408' LIMIT 1   [ RunTime:0.0003s ]

[ 2018-10-14T15:20:05+08:00 ] ::1 /home/attachment/deleteAttachment/transactionid/SbPC7ty41IFj7JqZB50H-201810141407
INFO: [ app_init ] --START--
INFO: Run Behavior\BuildLiteBehavior [ RunTime:0.000023s ]
INFO: [ app_init ] --END-- [ RunTime:0.000677s ]
INFO: [ app_begin ] --START--
INFO: Run Behavior\ReadHtmlCacheBehavior [ RunTime:0.000297s ]
INFO: [ app_begin ] --END-- [ RunTime:0.000343s ]
SQL: SHOW COLUMNS FROM `transaction` [ RunTime:0.0008s ]
SQL: SELECT * FROM `transaction` WHERE `id` = 'SbPC7ty41IFj7JqZB50H-201810141407' LIMIT 1   [ RunTime:0.0003s ]
SQL: SHOW COLUMNS FROM `receipt` [ RunTime:0.0011s ]
SQL: SELECT * FROM `receipt` WHERE `attachmentid` = 1 LIMIT 1   [ RunTime:0.0002s ]

[ 2018-10-14T15:28:47+08:00 ] ::1 /home/attachment/deleteAttachment/transactionid/SbPC7ty41IFj7JqZB50H-201810141407
INFO: [ app_init ] --START--
INFO: Run Behavior\BuildLiteBehavior [ RunTime:0.000018s ]
INFO: [ app_init ] --END-- [ RunTime:0.000810s ]
INFO: [ app_begin ] --START--
INFO: Run Behavior\ReadHtmlCacheBehavior [ RunTime:0.001156s ]
INFO: [ app_begin ] --END-- [ RunTime:0.001226s ]
SQL: SHOW COLUMNS FROM `transaction` [ RunTime:0.0016s ]
SQL: SELECT * FROM `transaction` WHERE `id` = 'SbPC7ty41IFj7JqZB50H-201810141407' LIMIT 1   [ RunTime:0.0003s ]
SQL: SHOW COLUMNS FROM `receipt` [ RunTime:0.0005s ]
SQL: SELECT * FROM `receipt` WHERE `attachmentid` = 1 LIMIT 1   [ RunTime:0.0012s ]
NOTIC: [2] unlink(Uploads/receipts/5bc2ed0feedcc.png): No such file or directory /opt/lampp/htdocs/csye6225-fall2018/webapp/Application/Home/InterfaceController/FortranscationController.class.php 第 61 行.
SQL: DELETE FROM `receipt` WHERE `attachmentid` = 1 [ RunTime:0.0335s ]

[ 2018-10-14T15:28:53+08:00 ] ::1 /home/attachment/deleteAttachment/transactionid/SbPC7ty41IFj7JqZB50H-201810141407
INFO: [ app_init ] --START--
INFO: Run Behavior\BuildLiteBehavior [ RunTime:0.000012s ]
INFO: [ app_init ] --END-- [ RunTime:0.000253s ]
INFO: [ app_begin ] --START--
INFO: Run Behavior\ReadHtmlCacheBehavior [ RunTime:0.000335s ]
INFO: [ app_begin ] --END-- [ RunTime:0.000389s ]
SQL: SHOW COLUMNS FROM `transaction` [ RunTime:0.0006s ]
SQL: SELECT * FROM `transaction` WHERE `id` = 'SbPC7ty41IFj7JqZB50H-201810141407' LIMIT 1   [ RunTime:0.0020s ]
SQL: SHOW COLUMNS FROM `receipt` [ RunTime:0.0006s ]
SQL: SELECT * FROM `receipt` WHERE `attachmentid` = 1 LIMIT 1   [ RunTime:0.0002s ]

[ 2018-10-14T15:28:58+08:00 ] ::1 /home/attachment/deleteAttachment/transactionid/SbPC7ty41IFj7JqZB50H-201810141407
INFO: [ app_init ] --START--
INFO: Run Behavior\BuildLiteBehavior [ RunTime:0.000018s ]
INFO: [ app_init ] --END-- [ RunTime:0.000391s ]
INFO: [ app_begin ] --START--
INFO: Run Behavior\ReadHtmlCacheBehavior [ RunTime:0.009026s ]
INFO: [ app_begin ] --END-- [ RunTime:0.009124s ]
SQL: SHOW COLUMNS FROM `transaction` [ RunTime:0.0007s ]
SQL: SELECT * FROM `transaction` WHERE `id` = 'SbPC7ty41IFj7JqZB50H-201810141407' LIMIT 1   [ RunTime:0.0002s ]
SQL: SHOW COLUMNS FROM `receipt` [ RunTime:0.0006s ]
SQL: SELECT * FROM `receipt` WHERE `attachmentid` = 1 LIMIT 1   [ RunTime:0.0002s ]

[ 2018-10-14T15:29:00+08:00 ] ::1 /home/attachment/deleteAttachment/transactionid/SbPC7ty41IFj7JqZB50H-201810141407
INFO: [ app_init ] --START--
INFO: Run Behavior\BuildLiteBehavior [ RunTime:0.000011s ]
INFO: [ app_init ] --END-- [ RunTime:0.000231s ]
INFO: [ app_begin ] --START--
INFO: Run Behavior\ReadHtmlCacheBehavior [ RunTime:0.000310s ]
INFO: [ app_begin ] --END-- [ RunTime:0.000356s ]
SQL: SHOW COLUMNS FROM `transaction` [ RunTime:0.0005s ]
SQL: SELECT * FROM `transaction` WHERE `id` = 'SbPC7ty41IFj7JqZB50H-201810141407' LIMIT 1   [ RunTime:0.0014s ]
SQL: SHOW COLUMNS FROM `receipt` [ RunTime:0.0008s ]
SQL: SELECT * FROM `receipt` WHERE `attachmentid` = 1 LIMIT 1   [ RunTime:0.0002s ]

[ 2018-10-14T15:29:02+08:00 ] ::1 /home/attachment/deleteAttachment/transactionid/SbPC7ty41IFj7JqZB50H-201810141407
INFO: [ app_init ] --START--
INFO: Run Behavior\BuildLiteBehavior [ RunTime:0.000012s ]
INFO: [ app_init ] --END-- [ RunTime:0.000230s ]
INFO: [ app_begin ] --START--
INFO: Run Behavior\ReadHtmlCacheBehavior [ RunTime:0.000313s ]
INFO: [ app_begin ] --END-- [ RunTime:0.000361s ]
SQL: SHOW COLUMNS FROM `transaction` [ RunTime:0.0005s ]
SQL: SELECT * FROM `transaction` WHERE `id` = 'SbPC7ty41IFj7JqZB50H-201810141407' LIMIT 1   [ RunTime:0.0002s ]
SQL: SHOW COLUMNS FROM `receipt` [ RunTime:0.0004s ]
SQL: SELECT * FROM `receipt` WHERE `attachmentid` = 1 LIMIT 1   [ RunTime:0.0001s ]

[ 2018-10-14T15:29:30+08:00 ] ::1 /home/attachment/deleteAttachment/transactionid/SbPC7ty41IFj7JqZB50H-201810141407
INFO: [ app_init ] --START--
INFO: Run Behavior\BuildLiteBehavior [ RunTime:0.000011s ]
INFO: [ app_init ] --END-- [ RunTime:0.000233s ]
INFO: [ app_begin ] --START--
INFO: Run Behavior\ReadHtmlCacheBehavior [ RunTime:0.000330s ]
INFO: [ app_begin ] --END-- [ RunTime:0.000381s ]
SQL: SHOW COLUMNS FROM `transaction` [ RunTime:0.0006s ]
SQL: SELECT * FROM `transaction` WHERE `id` = 'SbPC7ty41IFj7JqZB50H-201810141407' LIMIT 1   [ RunTime:0.0003s ]
SQL: SHOW COLUMNS FROM `receipt` [ RunTime:0.0005s ]
SQL: SELECT * FROM `receipt` WHERE `attachmentid` = 2 LIMIT 1   [ RunTime:0.0002s ]
SQL: DELETE FROM `receipt` WHERE `attachmentid` = 2 [ RunTime:0.0147s ]

[ 2018-10-14T15:31:51+08:00 ] ::1 /home/attachment/createAttachfile/transactionid/SbPC7ty41IFj7JqZB50H-201810141407
INFO: [ app_init ] --START--
INFO: Run Behavior\BuildLiteBehavior [ RunTime:0.000013s ]
INFO: [ app_init ] --END-- [ RunTime:0.000249s ]
INFO: [ app_begin ] --START--
INFO: Run Behavior\ReadHtmlCacheBehavior [ RunTime:0.000347s ]
INFO: [ app_begin ] --END-- [ RunTime:0.000401s ]

[ 2018-10-14T15:31:58+08:00 ] ::1 /home/attachment/createAttachfile/transactionid/SbPC7ty41IFj7JqZB50H-201810141407
INFO: [ app_init ] --START--
INFO: Run Behavior\BuildLiteBehavior [ RunTime:0.000016s ]
INFO: [ app_init ] --END-- [ RunTime:0.000506s ]
INFO: [ app_begin ] --START--
INFO: Run Behavior\ReadHtmlCacheBehavior [ RunTime:0.000323s ]
INFO: [ app_begin ] --END-- [ RunTime:0.000362s ]
SQL: SHOW COLUMNS FROM `transaction` [ RunTime:0.0009s ]
SQL: SELECT * FROM `transaction` WHERE `id` = 'SbPC7ty41IFj7JqZB50H-201810141407' LIMIT 1   [ RunTime:0.0003s ]
NOTIC: [8] Undefined index: image /opt/lampp/htdocs/csye6225-fall2018/webapp/Application/Home/InterfaceController/FortranscationController.class.php 第 42 行.
NOTIC: [8] Undefined index: tmp_name /opt/lampp/htdocs/csye6225-fall2018/webapp/ThinkPHP/Library/Think/Upload.class.php 第 152 行.
NOTIC: [2] finfo_file(): Empty filename or path /opt/lampp/htdocs/csye6225-fall2018/webapp/ThinkPHP/Library/Think/Upload.class.php 第 152 行.
NOTIC: [8] Undefined index: error /opt/lampp/htdocs/csye6225-fall2018/webapp/ThinkPHP/Library/Think/Upload.class.php 第 269 行.
NOTIC: [8] Undefined index: tmp_name /opt/lampp/htdocs/csye6225-fall2018/webapp/ThinkPHP/Library/Think/Upload.class.php 第 280 行.

[ 2018-10-14T15:32:05+08:00 ] ::1 /home/attachment/createAttachfile/transactionid/SbPC7ty41IFj7JqZB50H-201810141407
INFO: [ app_init ] --START--
INFO: Run Behavior\BuildLiteBehavior [ RunTime:0.000013s ]
INFO: [ app_init ] --END-- [ RunTime:0.000269s ]
INFO: [ app_begin ] --START--
INFO: Run Behavior\ReadHtmlCacheBehavior [ RunTime:0.000318s ]
INFO: [ app_begin ] --END-- [ RunTime:0.000370s ]
SQL: SHOW COLUMNS FROM `transaction` [ RunTime:0.0007s ]
SQL: SELECT * FROM `transaction` WHERE `id` = 'SbPC7ty41IFj7JqZB50H-201810141407' LIMIT 1   [ RunTime:0.0003s ]
NOTIC: [2] call_user_func() expects parameter 1 to be a valid callback, no array or string given /opt/lampp/htdocs/csye6225-fall2018/webapp/ThinkPHP/Library/Think/Upload.class.php 第 170 行.
SQL: SHOW COLUMNS FROM `receipt` [ RunTime:0.0007s ]
SQL: INSERT INTO `receipt` (`s3url`,`transactionid`,`localurl`) VALUES ('https://csye6225web-dump.s3.amazonaws.com/5bc2f0f5593e0.png','SbPC7ty41IFj7JqZB50H-201810141407','Uploads/receipts/5bc2f0f5593e0.png') [ RunTime:0.0178s ]
SQL: SELECT * FROM `receipt` WHERE `attachmentid` = 3 LIMIT 1   [ RunTime:0.0043s ]

[ 2018-10-14T15:32:12+08:00 ] ::1 /home/attachment/createAttachfile/transactionid/SbPC7ty41IFj7JqZB50H-201810141407
INFO: [ app_init ] --START--
INFO: Run Behavior\BuildLiteBehavior [ RunTime:0.000018s ]
INFO: [ app_init ] --END-- [ RunTime:0.000419s ]
INFO: [ app_begin ] --START--
INFO: Run Behavior\ReadHtmlCacheBehavior [ RunTime:0.000338s ]
INFO: [ app_begin ] --END-- [ RunTime:0.000391s ]
SQL: SHOW COLUMNS FROM `transaction` [ RunTime:0.0006s ]
SQL: SELECT * FROM `transaction` WHERE `id` = 'SbPC7ty41IFj7JqZB50H-201810141407' LIMIT 1   [ RunTime:0.0003s ]
NOTIC: [2] call_user_func() expects parameter 1 to be a valid callback, no array or string given /opt/lampp/htdocs/csye6225-fall2018/webapp/ThinkPHP/Library/Think/Upload.class.php 第 170 行.
SQL: SHOW COLUMNS FROM `receipt` [ RunTime:0.0025s ]
SQL: INSERT INTO `receipt` (`s3url`,`transactionid`,`localurl`) VALUES ('https://csye6225web-dump.s3.amazonaws.com/5bc2f0fa92850.png','SbPC7ty41IFj7JqZB50H-201810141407','Uploads/receipts/5bc2f0fa92850.png') [ RunTime:0.0144s ]
SQL: SELECT * FROM `receipt` WHERE `attachmentid` = 4 LIMIT 1   [ RunTime:0.0008s ]

